<?xml version="1.0" encoding="UTF-8"?>

<mule xmlns:data-mapper="http://www.mulesoft.org/schema/mule/ee/data-mapper" xmlns:siebel="http://www.mulesoft.org/schema/mule/siebel" xmlns:db="http://www.mulesoft.org/schema/mule/db"
	xmlns:sfdc="http://www.mulesoft.org/schema/mule/sfdc" xmlns:json="http://www.mulesoft.org/schema/mule/json" xmlns="http://www.mulesoft.org/schema/mule/core" xmlns:doc="http://www.mulesoft.org/schema/mule/documentation" xmlns:spring="http://www.springframework.org/schema/beans" version="EE-3.5.0" xmlns:xsi="http://www.w3.org/2001/XMLSchema-instance" xsi:schemaLocation="http://www.mulesoft.org/schema/mule/db http://www.mulesoft.org/schema/mule/db/current/mule-db.xsd
http://www.springframework.org/schema/beans http://www.springframework.org/schema/beans/spring-beans-current.xsd
http://www.mulesoft.org/schema/mule/core http://www.mulesoft.org/schema/mule/core/current/mule.xsd
http://www.mulesoft.org/schema/mule/sfdc http://www.mulesoft.org/schema/mule/sfdc/current/mule-sfdc.xsd
http://www.mulesoft.org/schema/mule/json http://www.mulesoft.org/schema/mule/json/current/mule-json.xsd
http://www.mulesoft.org/schema/mule/siebel http://www.mulesoft.org/schema/mule/siebel/2.0/mule-siebel.xsd
http://www.mulesoft.org/schema/mule/ee/data-mapper http://www.mulesoft.org/schema/mule/ee/data-mapper/current/mule-data-mapper.xsd">
    <data-mapper:config name="salesforce_to_siebel" transformationGraphPath="salesforce_to_siebel.grf" doc:name="salesforce_to_siebel"/>
       <sub-flow name="createAccountFlowA" doc:name="createAccountFlowA">
        <foreach doc:name="For Each">
            <data-mapper:transform config-ref="salesforce_to_siebel" doc:name="Salesforce to Siebel"/>
            <siebel:create-business-component config-ref="Oracle_Siebel_Business_Objects" businessObjectComponentType="Account.Account" doc:name="Oracle Siebel Business Objects">
                <siebel:business-component-fields ref="#[payload]"/>
            </siebel:create-business-component>
        </foreach>
    </sub-flow>
    <sub-flow name="createAccountFlowB" doc:name="createAccountFlowB">
        <sfdc:create config-ref="Salesforce" type="Account" doc:name="Salesforce">
            <sfdc:objects ref="#[payload]"/>
        </sfdc:create>
    </sub-flow>
    <sub-flow name="retrieveAccountFromBFlow" doc:name="retrieveAccountFromBFlow">
        <sfdc:query-single config-ref="Salesforce" query="SELECT Id,AccountNumber,AccountSource,AnnualRevenue,BillingCity,BillingCountry,BillingPostalCode,BillingState,BillingStreet,Description,Fax,Industry,LastModifiedDate,Name,NumberOfEmployees,OwnerId,Ownership,ParentId,Phone,Rating,ShippingCity,ShippingCountry,ShippingPostalCode,ShippingState,ShippingStreet,Sic,SicDesc,Site,TickerSymbol,Type,Website FROM Account WHERE Name = '#[payload[&quot;Name&quot;]]'" doc:name="Salesforce" />
    </sub-flow>
    <sub-flow name="deleteAccountFromAFlow" doc:name="deleteAccountFromAFlow">
        <foreach doc:name="For Each">
            <siebel:delete-business-component config-ref="Oracle_Siebel_Business_Objects" businessComponentId="#[payload.Id]" businessObjectComponentType="Account.Account" doc:name="Oracle Siebel Business Objects"/>
        </foreach>
    </sub-flow>
    <sub-flow name="deleteAccountFromBFlow" doc:name="deleteAccountFromBFlow">
        <sfdc:delete config-ref="Salesforce" doc:name="Salesforce">
            <sfdc:ids ref="#[payload]"/>
        </sfdc:delete>
    </sub-flow>
</mule>
